        -:    0:Source:D:/Fisiere Facultate An3/OOP/Lab 5-6 Pb.4/Source/Controller/AdminController.cpp
        -:    0:Graph:D:\Fisiere Facultate An3\OOP\Lab 5-6 Pb.4\cmake-build-debug-coverage\CMakeFiles\Lab_5_6_Pb_4.dir\Source\Controller\AdminController.cpp.gcno
        -:    0:Data:D:\Fisiere Facultate An3\OOP\Lab 5-6 Pb.4\cmake-build-debug-coverage\CMakeFiles\Lab_5_6_Pb_4.dir\Source\Controller\AdminController.cpp.gcda
        -:    0:Runs:1
        -:    1://
        -:    2:// Created by badiu on 3/25/2022.
        -:    3://
        -:    4:
        -:    5:#include "../../Header/Controller/AdminController.h"
        -:    6:
function _ZN15AdminControllerC2ER10RepositoryI8TutorialE called 1 returned 100% blocks executed 100%
        1:    7:AdminController::AdminController(Repository<Tutorial> &repository) : repo(repository) {
        1:    8:}
        -:    9:
function _ZN15AdminController11addTutorialER8Tutorial called 0 returned 0% blocks executed 0%
    #####:   10:int AdminController::addTutorial(Tutorial &new_tutorial) {
    #####:   11:    repo.add(new_tutorial);
    %%%%%:   11-block  0
call    0 never executed
call    1 never executed
branch  2 never executed
branch  3 never executed
    %%%%%:   11-block  1
call    4 never executed
    $$$$$:   11-block  2
call    5 never executed
    #####:   12:    return 0;
    %%%%%:   12-block  0
        -:   13:}
        -:   14:
        -:   15:/*void AdminController::setUpElements() {
        -:   16:    repo.add(Tutorial{"video1", "presenter1", 10, 11, "link1"});
        -:   17:    repo.add(Tutorial{"video2", "presenter2", 20, 22, "link2"});
        -:   18:    repo.add(Tutorial{"video3", "presenter3", 30, 33, "link3"});
        -:   19:    repo.add(Tutorial{"video4", "presenter4", 40, 44, "link4"});
        -:   20:    repo.add(Tutorial{"video5", "presenter5", 50, 55, "link5"});
        -:   21:    repo.add(Tutorial{"video6", "presenter6", 60, 66, "link6"});
        -:   22:    repo.add(Tutorial{"video7", "presenter7", 70, 77, "link7"});
        -:   23:    repo.add(Tutorial{"video8", "presenter8", 80, 88, "link8"});
        -:   24:    repo.add(Tutorial{"video9", "presenter9", 90, 99, "link9"});
        -:   25:    repo.add(Tutorial{"video10", "presenter10", 55, 55, "link10"});
        -:   26:    repo.add(Tutorial{"video11", "presenter1", 12, 21, "link1"});
        -:   27:    repo.add(Tutorial{"video12", "presenter1", 23, 32, "link1"});
        -:   28:    repo.add(Tutorial{"video13", "presenter1", 34, 43, "link1"});
        -:   29:    repo.add(Tutorial{"video14", "presenter1", 45, 54, "link1"});
        -:   30:}*/
        -:   31:
function _ZN15AdminController8printAllEv called 0 returned 0% blocks executed 0%
    #####:   32:void AdminController::printAll() {
    #####:   33:    for(int i = 0;i < repo.getSize();i++)
    %%%%%:   33-block  0
    %%%%%:   33-block  1
call    0 never executed
branch  1 never executed
branch  2 never executed
    #####:   34:        cout << "id:" << i << ", " << repo[i];
    %%%%%:   34-block  0
call    0 never executed
call    1 never executed
call    2 never executed
call    3 never executed
call    4 never executed
    #####:   35:}
        -:   36:
function _ZN15AdminController14deleteTutorialERi called 0 returned 0% blocks executed 0%
    #####:   37:int AdminController::deleteTutorial(int &id) {
    #####:   38:    repo.removeElement(id);
    %%%%%:   38-block  0
call    0 never executed
    #####:   39:    return 0;
        -:   40:}
        -:   41:
function _ZN15AdminController14updateTutorialERiR8Tutorial called 0 returned 0% blocks executed 0%
    #####:   42:int AdminController::updateTutorial(int &id, Tutorial &new_tutorial) {
    #####:   43:    Tutorial existent = repo[id];
    %%%%%:   43-block  0
call    0 never executed
call    1 never executed
branch  2 never executed
branch  3 never executed
    #####:   44:    if(!new_tutorial.getTitle().empty())
    %%%%%:   44-block  0
call    0 never executed
branch  1 never executed
branch  2 never executed
    %%%%%:   44-block  1
call    3 never executed
call    4 never executed
branch  5 never executed
branch  6 never executed
    #####:   45:        existent.setTitle(new_tutorial.getTitle());
    %%%%%:   45-block  0
call    0 never executed
branch  1 never executed
branch  2 never executed
    %%%%%:   45-block  1
call    3 never executed
branch  4 never executed
branch  5 never executed
    %%%%%:   45-block  2
call    6 never executed
    $$$$$:   45-block  3
call    7 never executed
    $$$$$:   45-block  4
    #####:   46:    if(!new_tutorial.getPresenter().empty())
    %%%%%:   46-block  0
call    0 never executed
branch  1 never executed
branch  2 never executed
    %%%%%:   46-block  1
call    3 never executed
call    4 never executed
branch  5 never executed
branch  6 never executed
    #####:   47:        existent.setPresenter(new_tutorial.getPresenter());
    %%%%%:   47-block  0
call    0 never executed
branch  1 never executed
branch  2 never executed
    %%%%%:   47-block  1
call    3 never executed
branch  4 never executed
branch  5 never executed
    %%%%%:   47-block  2
call    6 never executed
    $$$$$:   47-block  3
call    7 never executed
    $$$$$:   47-block  4
    #####:   48:    if(new_tutorial.getMinutes() > 0)
    %%%%%:   48-block  0
call    0 never executed
branch  1 never executed
branch  2 never executed
    #####:   49:        existent.setMinutes(new_tutorial.getMinutes());
    %%%%%:   49-block  0
call    0 never executed
call    1 never executed
branch  2 never executed
branch  3 never executed
    #####:   50:    if(new_tutorial.getSeconds() > 0)
    %%%%%:   50-block  0
call    0 never executed
branch  1 never executed
branch  2 never executed
    #####:   51:        existent.setSeconds(new_tutorial.getSeconds());
    %%%%%:   51-block  0
call    0 never executed
call    1 never executed
    #####:   52:    if(!new_tutorial.getLink().empty())
    %%%%%:   52-block  0
call    0 never executed
branch  1 never executed
branch  2 never executed
    %%%%%:   52-block  1
call    3 never executed
call    4 never executed
branch  5 never executed
branch  6 never executed
    #####:   53:        existent.setLink(new_tutorial.getLink());
    %%%%%:   53-block  0
call    0 never executed
branch  1 never executed
branch  2 never executed
    %%%%%:   53-block  1
call    3 never executed
branch  4 never executed
branch  5 never executed
    %%%%%:   53-block  2
call    6 never executed
    $$$$$:   53-block  3
call    7 never executed
    $$$$$:   53-block  4
        -:   54:
    #####:   55:    repo.updateElement(id, existent);
    %%%%%:   55-block  0
call    0 never executed
branch  1 never executed
branch  2 never executed
        -:   56:
    #####:   57:}
    %%%%%:   57-block  0
call    0 never executed
    $$$$$:   57-block  1
call    1 never executed
        -:   58:
        -:   59:
