        -:    0:Source:D:/Fisiere Facultate An3/OOP/Lab 5-6 Pb.4/Header/Exception/CustomException.h
        -:    0:Graph:D:\Fisiere Facultate An3\OOP\Lab 5-6 Pb.4\cmake-build-debug-coverage\CMakeFiles\Lab_5_6_Pb_4.dir\main.cpp.gcno
        -:    0:Data:D:\Fisiere Facultate An3\OOP\Lab 5-6 Pb.4\cmake-build-debug-coverage\CMakeFiles\Lab_5_6_Pb_4.dir\main.cpp.gcda
        -:    0:Runs:1
        -:    1:#pragma once
        -:    2://
        -:    3:// Created by badiu on 4/12/2022.
        -:    4://
        -:    5:#include <exception>
        -:    6:#include <string>
        -:    7:
        -:    8:#ifndef LAB_5_6_PB_4_CUSTOMEXCEPTION_H
        -:    9:#define LAB_5_6_PB_4_CUSTOMEXCEPTION_H
        -:   10:
        -:   11:class CustomException:public std::exception
        -:   12:{
        -:   13:private :
        -:   14:    std::string error;
        -:   15:public:
        -:   16:    explicit CustomException(std::string new_error){this->error = std::move(new_error);};
        -:   17:    virtual const char* what() const throw()
        -:   18:    {
        -:   19:        return this->error.c_str();
        -:   20:    };
        -:   21:
        -:   22:};
        -:   23:
        -:   24:class InvaludArgument:public std::exception
        -:   25:{
        -:   26:private:
        -:   27:    std::string error;
        -:   28:public:
function _ZN15InvaludArgumentC1ENSt7__cxx1112basic_stringIcSt11char_traitsIcESaIcEEE called 2 returned 100% blocks executed 100%
        2:   29:    explicit InvaludArgument(std::string new_error){this->error = std::move(new_error);};
        2:   29-block  0
call    0 returned 2
call    1 returned 2
call    2 returned 2
call    3 returned 2
function _ZNK15InvaludArgument4whatEv called 0 returned 0% blocks executed 0%
    #####:   30:    virtual const char* what() const throw()
        -:   31:    {
    #####:   32:        return this->error.c_str();
    %%%%%:   32-block  0
call    0 never executed
        -:   33:    };
        -:   34:};
        -:   35:
        -:   36:#endif //LAB_5_6_PB_4_CUSTOMEXCEPTION_H
