        -:    0:Source:D:/Fisiere Facultate An3/OOP/Lab 5-6 Pb.4/Header/Exception/TutorialValidator.h
        -:    0:Graph:D:\Fisiere Facultate An3\OOP\Lab 5-6 Pb.4\cmake-build-debug-coverage\CMakeFiles\Lab_5_6_Pb_4.dir\main.cpp.gcno
        -:    0:Data:D:\Fisiere Facultate An3\OOP\Lab 5-6 Pb.4\cmake-build-debug-coverage\CMakeFiles\Lab_5_6_Pb_4.dir\main.cpp.gcda
        -:    0:Runs:1
        -:    1:#pragma once
        -:    2://
        -:    3:// Created by badiu on 4/12/2022.
        -:    4://
        -:    5:
        -:    6:#ifndef LAB_5_6_PB_4_TUTORIALVALIDATOR_H
        -:    7:#define LAB_5_6_PB_4_TUTORIALVALIDATOR_H
        -:    8:
        -:    9:#include "../Model/Tutorial.h"
        -:   10:
        -:   11:class TutorialValidator{
        -:   12:public:
function _ZN17TutorialValidator8ValidateER8Tutorial called 16 returned 88% blocks executed 28%
       16:   13:    static void Validate(Tutorial& entity){
       16:   14:        if(entity.getTitle().empty())
       16:   14-block  0
call    0 returned 16
call    1 returned 16
call    2 returned 16
branch  3 taken 2 (fallthrough)
branch  4 taken 14
        2:   15:            throw InvaludArgument("Invalid Argument: Title empty string!");
        2:   15-block  0
call    0 returned 2
call    1 returned 2
call    2 returned 2
branch  3 taken 2 (fallthrough)
branch  4 taken 0 (throw)
        2:   15-block  1
call    5 returned 2
call    6 returned 2
call    7 returned 2
call    8 returned 0
    $$$$$:   15-block  2
call    9 never executed
    $$$$$:   15-block  3
    $$$$$:   15-block  4
call   10 never executed
       14:   16:        if(entity.getPresenter().empty())
       14:   16-block  0
call    0 returned 14
call    1 returned 14
call    2 returned 14
branch  3 taken 0 (fallthrough)
branch  4 taken 14
    #####:   17:            throw InvaludArgument("Invalid Argument: Presenter empty string!");
    %%%%%:   17-block  0
call    0 never executed
call    1 never executed
call    2 never executed
branch  3 never executed
branch  4 never executed
    %%%%%:   17-block  1
call    5 never executed
call    6 never executed
call    7 never executed
call    8 never executed
    $$$$$:   17-block  2
call    9 never executed
    $$$$$:   17-block  3
    $$$$$:   17-block  4
call   10 never executed
       14:   18:        if(entity.getLink().empty())
       14:   18-block  0
call    0 returned 14
call    1 returned 14
call    2 returned 14
branch  3 taken 0 (fallthrough)
branch  4 taken 14
    #####:   19:            throw InvaludArgument("Invalid Argument: Link empty string!");
    %%%%%:   19-block  0
call    0 never executed
call    1 never executed
call    2 never executed
branch  3 never executed
branch  4 never executed
    %%%%%:   19-block  1
call    5 never executed
call    6 never executed
call    7 never executed
call    8 never executed
    $$$$$:   19-block  2
call    9 never executed
    $$$$$:   19-block  3
    $$$$$:   19-block  4
call   10 never executed
       14:   20:        if(entity.getLikes() < 0)
       14:   20-block  0
call    0 returned 14
branch  1 taken 0 (fallthrough)
branch  2 taken 14
    #####:   21:            throw InvaludArgument("Invalid Argument: Likes negative number!");
    %%%%%:   21-block  0
call    0 never executed
call    1 never executed
call    2 never executed
branch  3 never executed
branch  4 never executed
    %%%%%:   21-block  1
call    5 never executed
call    6 never executed
call    7 never executed
call    8 never executed
    $$$$$:   21-block  2
call    9 never executed
    $$$$$:   21-block  3
    $$$$$:   21-block  4
call   10 never executed
      14*:   22:        if(entity.getMinutes() == 0 && entity.getSeconds() == 0)
       14:   22-block  0
call    0 returned 14
branch  1 taken 0 (fallthrough)
branch  2 taken 14
    %%%%%:   22-block  1
call    3 never executed
branch  4 never executed
branch  5 never executed
    %%%%%:   22-block  2
       14:   22-block  3
       14:   22-block  4
branch  6 taken 0 (fallthrough)
branch  7 taken 14
    #####:   23:            throw InvaludArgument("Invalid Argument: Tutorial with duration 0!");
    %%%%%:   23-block  0
call    0 never executed
call    1 never executed
call    2 never executed
branch  3 never executed
branch  4 never executed
    %%%%%:   23-block  1
call    5 never executed
call    6 never executed
call    7 never executed
call    8 never executed
    $$$$$:   23-block  2
call    9 never executed
    $$$$$:   23-block  3
    $$$$$:   23-block  4
call   10 never executed
       14:   24:        if(entity.getMinutes() < 0)
       14:   24-block  0
call    0 returned 14
branch  1 taken 0 (fallthrough)
branch  2 taken 14
    #####:   25:            throw InvaludArgument("Invalid Argument: Minutes negative number!");
    %%%%%:   25-block  0
call    0 never executed
call    1 never executed
call    2 never executed
branch  3 never executed
branch  4 never executed
    %%%%%:   25-block  1
call    5 never executed
call    6 never executed
call    7 never executed
call    8 never executed
    $$$$$:   25-block  2
call    9 never executed
    $$$$$:   25-block  3
    $$$$$:   25-block  4
call   10 never executed
       14:   26:        if(entity.getSeconds() < 0)
       14:   26-block  0
call    0 returned 14
branch  1 taken 0 (fallthrough)
branch  2 taken 14
    #####:   27:            throw InvaludArgument("Invalid Argument: Seconds negative number!");
    %%%%%:   27-block  0
call    0 never executed
call    1 never executed
call    2 never executed
branch  3 never executed
branch  4 never executed
    %%%%%:   27-block  1
call    5 never executed
call    6 never executed
call    7 never executed
call    8 never executed
    $$$$$:   27-block  2
call    9 never executed
    $$$$$:   27-block  3
    $$$$$:   27-block  4
call   10 never executed
       14:   28:    };
       14:   28-block  0
        -:   29:};
        -:   30:
        -:   31:#endif //LAB_5_6_PB_4_TUTORIALVALIDATOR_H
