        -:    0:Source:D:/Fisiere Facultate An3/OOP/Lab 5-6 Pb.4/main.cpp
        -:    0:Graph:D:\Fisiere Facultate An3\OOP\Lab 5-6 Pb.4\cmake-build-debug-coverage\CMakeFiles\Lab_5_6_Pb_4.dir\main.cpp.gcno
        -:    0:Data:D:\Fisiere Facultate An3\OOP\Lab 5-6 Pb.4\cmake-build-debug-coverage\CMakeFiles\Lab_5_6_Pb_4.dir\main.cpp.gcda
        -:    0:Runs:1
        -:    1:#include "Header/View/AdminUi.h"
        -:    2:#include "Header/View/UserUi.h"
        -:    3:
function main called 1 returned 100% blocks executed 74%
        1:    4:int main() {
        1:    5:    Repository<Tutorial> AdminAccountRepository{};
        1:    5-block  0
call    0 returned 1
branch  1 taken 1 (fallthrough)
branch  2 taken 0 (throw)
        1:    6:    AdminController AdminAccountController{AdminAccountRepository};
        1:    6-block  0
call    0 returned 1
branch  1 taken 1 (fallthrough)
branch  2 taken 0 (throw)
        1:    7:    AdminUi AdminAccount{AdminAccountController};
        1:    7-block  0
call    0 returned 1
        -:    8:
        1:    9:    Repository<Tutorial> UserAccountRepository{};
call    0 returned 1
branch  1 taken 1 (fallthrough)
branch  2 taken 0 (throw)
        1:   10:    UserController UserAccountController{AdminAccountRepository, UserAccountRepository};
        1:   10-block  0
call    0 returned 1
branch  1 taken 1 (fallthrough)
branch  2 taken 0 (throw)
        1:   11:    UserUi UserAccount{UserAccountController};
        1:   11-block  0
call    0 returned 1
branch  1 taken 1 (fallthrough)
branch  2 taken 0 (throw)
        -:   12:
        -:   13:
        -:   14:
        -:   15:    int type;
        -:   16:    while(true) {
       1*:   17:        cout << "For Admin press 1 \nFor User press 2. \n";
        1:   17-block  0
call    0 returned 1
branch  1 taken 1 (fallthrough)
branch  2 taken 0 (throw)
    %%%%%:   17-block  1
        1:   18:        cin >> type;
        1:   18-block  0
call    0 returned 1
branch  1 taken 1 (fallthrough)
branch  2 taken 0 (throw)
        1:   19:        if (type == 1)
        1:   19-block  0
branch  0 taken 1 (fallthrough)
branch  1 taken 0
        1:   20:            AdminAccount.menu();
        1:   20-block  0
call    0 returned 1
branch  1 taken 1 (fallthrough)
branch  2 taken 0 (throw)
        1:   21:        if (type == 2)
        1:   21-block  0
branch  0 taken 0 (fallthrough)
branch  1 taken 1
    #####:   22:            UserAccount.menu();
    %%%%%:   22-block  0
call    0 never executed
branch  1 never executed
branch  2 never executed
        -:   23:        else
        1:   24:            break;
        1:   24-block  0
        -:   25:    }
        -:   26:
        1:   27:    return 0;
        1:   28:}
        1:   28-block  0
call    0 returned 1
call    1 returned 1
    $$$$$:   28-block  1
call    2 never executed
    $$$$$:   28-block  2
call    3 never executed
