        -:    0:Source:D:/Fisiere Facultate An3/OOP/Lab 5-6 Pb.4/Header/Model/StlRepository.tpp
        -:    0:Graph:D:\Fisiere Facultate An3\OOP\Lab 5-6 Pb.4\cmake-build-debug-coverage\CMakeFiles\Lab_5_6_Pb_4.dir\Source\Exception\Test.cpp.gcno
        -:    0:Data:D:\Fisiere Facultate An3\OOP\Lab 5-6 Pb.4\cmake-build-debug-coverage\CMakeFiles\Lab_5_6_Pb_4.dir\Source\Exception\Test.cpp.gcda
        -:    0:Runs:1
        -:    1:#pragma once
        -:    2://
        -:    3:// Created by badiu on 4/10/2022.
        -:    4://
        -:    5:
        -:    6:#ifndef LAB_5_6_PB_4_STLREPOSITORY_TPP
        -:    7:#define LAB_5_6_PB_4_STLREPOSITORY_TPP
        -:    8:
        -:    9:#include "Repository.h"
        -:   10:
        -:   11:template<typename T>
function _ZN10RepositoryI8TutorialEC1ERKNSt7__cxx1112basic_stringIcSt11char_traitsIcESaIcEEE called 0 returned 0% blocks executed 0%
    #####:   12:Repository<T>::Repository(const string &new_fileName):fileName(new_fileName) {
    %%%%%:   12-block  0
call    0 never executed
call    1 never executed
    #####:   13:    readStartUp();
call    0 never executed
branch  1 never executed
branch  2 never executed
    #####:   14:}
    %%%%%:   14-block  0
    $$$$$:   14-block  1
call    0 never executed
    $$$$$:   14-block  2
call    1 never executed
        -:   15:
        -:   16:template<typename T>
function _ZN10RepositoryI8TutorialE11readStartUpEv called 0 returned 0% blocks executed 0%
    #####:   17:void Repository<T>::readStartUp() {
    #####:   18:    ifstream readFile(this->fileName);
    %%%%%:   18-block  0
call    0 never executed
branch  1 never executed
branch  2 never executed
    #####:   19:    if (!readFile) {
    %%%%%:   19-block  0
call    0 never executed
branch  1 never executed
branch  2 never executed
    %%%%%:   19-block  1
        -:   20:        //File not opened correctly
        -:   21:    } else {
        -:   22:        //File opened correctly
        -:   23:    }
    #####:   24:    while (!readFile.eof()) {
    %%%%%:   24-block  0
    %%%%%:   24-block  1
call    0 never executed
    %%%%%:   24-block  2
call    1 never executed
branch  2 never executed
branch  3 never executed
    %%%%%:   24-block  3
branch  4 never executed
branch  5 never executed
    $$$$$:   24-block  4
call    6 never executed
    #####:   25:        Tutorial entity;
    %%%%%:   25-block  0
call    0 never executed
branch  1 never executed
branch  2 never executed
    #####:   26:        readFile >> entity;
    %%%%%:   26-block  0
call    0 never executed
branch  1 never executed
branch  2 never executed
        -:   27:        try {
    #####:   28:            TutorialValidator::Validate(entity);
    %%%%%:   28-block  0
call    0 never executed
branch  1 never executed
branch  2 never executed
    #####:   29:            this->elems.push_back(entity);
    %%%%%:   29-block  0
call    0 never executed
branch  1 never executed
branch  2 never executed
        -:   30:        }
    =====:   31:        catch (InvaludArgument &error) {
    $$$$$:   31-block  0
branch  0 never executed
branch  1 never executed
    $$$$$:   31-block  1
call    2 never executed
    $$$$$:   31-block  2
call    3 never executed
branch  4 never executed
branch  5 never executed
    $$$$$:   31-block  3
call    6 never executed
    =====:   32:            cout << "1 element not added. Read from file error. \n";
call    0 never executed
branch  1 never executed
branch  2 never executed
    =====:   33:            cout << entity;
    $$$$$:   33-block  0
call    0 never executed
branch  1 never executed
branch  2 never executed
        -:   34:        }
        -:   35:    }
        -:   36:
    #####:   37:    readFile.close();
    %%%%%:   37-block  0
call    0 never executed
branch  1 never executed
branch  2 never executed
    #####:   38:}
    %%%%%:   38-block  0
call    0 never executed
    $$$$$:   38-block  1
call    1 never executed
        -:   39:
        -:   40:template<typename T>
        -:   41:Repository<T>::Repository(const Repository<T> &copy_repository) {
        -:   42:    for (auto &i: copy_repository) {
        -:   43:        this->elems.push_back(i);
        -:   44:    }
        -:   45:}
        -:   46:
        -:   47:template<typename T>
function _ZN10RepositoryI8TutorialED1Ev called 0 returned 0% blocks executed 0%
    #####:   48:Repository<T>::~Repository() {
        -:   49:
    #####:   50:}
    %%%%%:   50-block  0
call    0 never executed
call    1 never executed
        -:   51:
        -:   52:template<typename T>
        -:   53:void Repository<T>::add(T entity) {
        -:   54:    this->elems.push_back(entity);
        -:   55:    writeInFile(entity);
        -:   56:
        -:   57:}
        -:   58:
        -:   59:template<typename T>
        -:   60:void Repository<T>::removeElement(int &pos) {
        -:   61:    this->elems.erase(this->elems.begin() + pos);
        -:   62:    reWriteFile();
        -:   63:}
        -:   64:
        -:   65:template<typename T>
        -:   66:void Repository<T>::updateElement(int &pos, T &new_entity) {
        -:   67:    this->elems[pos] = new_entity;
        -:   68:    reWriteFile();
        -:   69:
        -:   70:}
        -:   71:
        -:   72:template<typename T>
        -:   73:T &Repository<T>::operator[](int pos) {
        -:   74:    return this->elems[pos];
        -:   75:}
        -:   76:
        -:   77:template<typename T>
        -:   78:int Repository<T>::getSize() {
        -:   79:    return this->elems.size();
        -:   80:}
        -:   81:
        -:   82:template<typename T>
        -:   83:void Repository<T>::writeInFile(T &entity) {
        -:   84:    ofstream file(this->fileName, ios_base::app);
        -:   85:    if (!file) {
        -:   86:        //file not opened
        -:   87:    } else {
        -:   88:        //file opened
        -:   89:        file << entity;
        -:   90:    }
        -:   91:
        -:   92:}
        -:   93:
        -:   94:template<typename T>
        -:   95:void Repository<T>::reWriteFile() {
        -:   96:    ofstream file(this->fileName);
        -:   97:    if (!file) {
        -:   98:        //file not opened
        -:   99:    } else {
        -:  100:        for (auto &i: this->elems)
        -:  101:            file << i;
        -:  102:    }
        -:  103:
        -:  104:}
        -:  105:
        -:  106:#endif //LAB_5_6_PB_4_STLREPOSITORY_TPP
