        -:    0:Source:D:/Fisiere Facultate An3/OOP/Lab 5-6 Pb.4/Source/Model/Tutorial.cpp
        -:    0:Graph:D:\Fisiere Facultate An3\OOP\Lab 5-6 Pb.4\cmake-build-debug-coverage\CMakeFiles\Lab_5_6_Pb_4.dir\Source\Model\Tutorial.cpp.gcno
        -:    0:Data:D:\Fisiere Facultate An3\OOP\Lab 5-6 Pb.4\cmake-build-debug-coverage\CMakeFiles\Lab_5_6_Pb_4.dir\Source\Model\Tutorial.cpp.gcda
        -:    0:Runs:1
        -:    1://
        -:    2:// Created by badiu on 3/22/2022.
        -:    3://
        -:    4:
        -:    5:#include "../../Header/Model/Tutorial.h"
        -:    6:
function _ZN8TutorialC2ERKNSt7__cxx1112basic_stringIcSt11char_traitsIcESaIcEEES7_RKiS9_S7_ called 14 returned 100% blocks executed 62%
       14:    7:Tutorial::Tutorial(const string &new_title, const string &new_presenter, const int &new_minutes, const int &new_seconds,
       14:    8:                   const string &new_link)
       14:    9:        : title(new_title), presenter(new_presenter), minutes(new_minutes), seconds(new_seconds), link(new_link),
       14:    9-block  0
call    0 returned 14
call    1 returned 14
branch  2 taken 14 (fallthrough)
branch  3 taken 0 (throw)
       14:   10:          likes(0) {
       14:   10-block  0
call    0 returned 14
branch  1 taken 14 (fallthrough)
branch  2 taken 0 (throw)
        -:   11:
       14:   12:}
       14:   12-block  0
    $$$$$:   12-block  1
call    0 never executed
    $$$$$:   12-block  2
call    1 never executed
        -:   13:
function _ZN8Tutorial8setTitleENSt7__cxx1112basic_stringIcSt11char_traitsIcESaIcEEE called 0 returned 0% blocks executed 0%
    #####:   14:void Tutorial::setTitle(string new_title) {
    #####:   15:    this->title = new_title;
    %%%%%:   15-block  0
call    0 never executed
    #####:   16:}
        -:   17:
function _ZN8Tutorial12setPresenterENSt7__cxx1112basic_stringIcSt11char_traitsIcESaIcEEE called 0 returned 0% blocks executed 0%
    #####:   18:void Tutorial::setPresenter(string new_presenter) {
    #####:   19:    presenter = new_presenter;
    %%%%%:   19-block  0
call    0 never executed
    #####:   20:}
        -:   21:
function _ZN8Tutorial10setMinutesEi called 0 returned 0% blocks executed 0%
    #####:   22:void Tutorial::setMinutes(int new_minutes) {
    #####:   23:    minutes = new_minutes;
    #####:   24:}
        -:   25:
function _ZlsRSoRK8Tutorial called 0 returned 0% blocks executed 0%
    #####:   26:ostream &operator<<(ostream &os, const Tutorial &entity) {
    #####:   27:    os << entity.title << ", " << entity.presenter << ", " << "min:" << entity.minutes << ", "
    %%%%%:   27-block  0
call    0 never executed
call    1 never executed
call    2 never executed
call    3 never executed
call    4 never executed
    #####:   28:       << "sec:" << entity.seconds << ", " << entity.likes << ", " << entity.link << " \n";
call    0 never executed
call    1 never executed
call    2 never executed
call    3 never executed
call    4 never executed
call    5 never executed
call    6 never executed
call    7 never executed
call    8 never executed
        -:   29:
    #####:   30:    return os;
        -:   31:}
        -:   32:
function _ZN8TutorialC2Ev called 40 returned 100% blocks executed 100%
       40:   33:Tutorial::Tutorial() {
       40:   33-block  0
call    0 returned 40
call    1 returned 40
call    2 returned 40
        -:   34:
       40:   35:}
        -:   36:
function _ZNK8TutorialeqERKS_ called 0 returned 0% blocks executed 0%
    #####:   37:bool Tutorial::operator==(const Tutorial &entity) const {
    #####:   38:    if(minutes != entity.minutes)
    %%%%%:   38-block  0
branch  0 never executed
branch  1 never executed
    #####:   39:        return false;
    %%%%%:   39-block  0
    #####:   40:    if(seconds != entity.seconds)
    %%%%%:   40-block  0
branch  0 never executed
branch  1 never executed
    #####:   41:        return false;
    %%%%%:   41-block  0
    #####:   42:    if(title != entity.title)
    %%%%%:   42-block  0
call    0 never executed
branch  1 never executed
branch  2 never executed
    #####:   43:        return false;
    %%%%%:   43-block  0
    #####:   44:    if(presenter != entity.presenter)
    %%%%%:   44-block  0
call    0 never executed
branch  1 never executed
branch  2 never executed
    #####:   45:        return false;
    %%%%%:   45-block  0
    #####:   46:    if(link != entity.link)
    %%%%%:   46-block  0
call    0 never executed
branch  1 never executed
branch  2 never executed
    #####:   47:        return false;
    %%%%%:   47-block  0
    #####:   48:    return true;
    %%%%%:   48-block  0
        -:   49:}
        -:   50:
        -:   51:
